<?xml version="1.0" encoding="UTF-8"?>
<!-- Generated by org.testng.reporters.JUnitXMLReporter -->
<testsuite ignored="0" hostname="RICKU" failures="0" tests="2" name="Test" time="0.208" errors="0" timestamp="2023-09-15T15:45:44 IST">
  <testcase classname="com.actitime.Jenkins.MyExecution" name="@BeforeMethod login" time="0.001">
    <failure type="java.lang.NullPointerException" message="Cannot invoke &amp;quot;org.openqa.selenium.WebDriver.get(String)&amp;quot; because &amp;quot;com.actitime.Jenkins.MyExecution.driver&amp;quot; is null">
      <![CDATA[java.lang.NullPointerException: Cannot invoke "org.openqa.selenium.WebDriver.get(String)" because "com.actitime.Jenkins.MyExecution.driver" is null
at com.actitime.Jenkins.MyExecution.login(MyExecution.java:47)
at java.base/java.util.ArrayList.forEach(ArrayList.java:1511)
... Removed 31 stack frames]]>
    </failure>
  </testcase> <!-- @BeforeMethod login -->
  <testcase classname="com.actitime.Jenkins.MyExecution" name="@AfterMethod logout" time="0.0">
    <skipped/>
  </testcase> <!-- @AfterMethod logout -->
  <testcase classname="com.actitime.Jenkins.MyExecution" name="@BeforeMethod login" time="0.0">
    <skipped/>
  </testcase> <!-- @BeforeMethod login -->
  <testcase classname="com.actitime.Jenkins.MyExecution" name="@AfterMethod logout" time="0.0">
    <skipped/>
  </testcase> <!-- @AfterMethod logout -->
  <testcase classname="com.actitime.Jenkins.MyExecution" name="@AfterClass close" time="0.0">
    <skipped/>
  </testcase> <!-- @AfterClass close -->
  <testcase classname="com.actitime.Jenkins.TestScripts" name="create" time="0.0">
    <skipped/>
  </testcase> <!-- create -->
  <testcase classname="com.actitime.Jenkins.TestScripts" name="modify" time="0.001">
    <skipped/>
  </testcase> <!-- modify -->
</testsuite> <!-- Test -->
